<?xml version="1.0" encoding="UTF-8"?>
<testExecutions version="1">
  <file path="/home/sylk/IdeaProjects/xpfarm/20230412_berlinclock3/bdd/features/fivehoursfeature.steps.js">
    <testCase name="Berlin clock second row display Its is below the first five hours" duration="5"/>
    <testCase name="Berlin clock second row display Its is at the first five hours" duration="5">
      <failure message="Error: expect(received).toStrictEqual(expected) // deep equality"><![CDATA[Error: expect(received).toStrictEqual(expected) // deep equality

- Expected  - 3
+ Received  + 3

  Array [
    "R",
-   "R",
-   "R",
-   "R",
+   "O",
+   "O",
+   "O",
  ]
    at Object.stepFunction (/home/sylk/IdeaProjects/xpfarm/20230412_berlinclock3/bdd/features/fivehoursfeature.steps.js:104:25)
    at /home/sylk/IdeaProjects/xpfarm/20230412_berlinclock3/node_modules/jest-cucumber/src/feature-definition-creation.ts:134:65
    at processTicksAndRejections (node:internal/process/task_queues:95:5)]]></failure>
    </testCase>
    <testCase name="Berlin clock second row display Its is at the second five hours" duration="1">
      <failure message="Error: expect(received).toStrictEqual(expected) // deep equality"><![CDATA[Error: expect(received).toStrictEqual(expected) // deep equality

- Expected  - 4
+ Received  + 4

  Array [
-   "R",
-   "R",
-   "R",
-   "R",
+   "O",
+   "O",
+   "O",
+   "O",
  ]
    at Object.stepFunction (/home/sylk/IdeaProjects/xpfarm/20230412_berlinclock3/bdd/features/fivehoursfeature.steps.js:104:25)
    at /home/sylk/IdeaProjects/xpfarm/20230412_berlinclock3/node_modules/jest-cucumber/src/feature-definition-creation.ts:134:65
    at processTicksAndRejections (node:internal/process/task_queues:95:5)]]></failure>
    </testCase>
    <testCase name="Berlin clock second row display Its is at the third five hours" duration="1">
      <failure message="Error: expect(received).toStrictEqual(expected) // deep equality"><![CDATA[Error: expect(received).toStrictEqual(expected) // deep equality

- Expected  - 4
+ Received  + 4

  Array [
-   "R",
-   "R",
-   "R",
-   "R",
+   "O",
+   "O",
+   "O",
+   "O",
  ]
    at Object.stepFunction (/home/sylk/IdeaProjects/xpfarm/20230412_berlinclock3/bdd/features/fivehoursfeature.steps.js:104:25)
    at /home/sylk/IdeaProjects/xpfarm/20230412_berlinclock3/node_modules/jest-cucumber/src/feature-definition-creation.ts:134:65
    at processTicksAndRejections (node:internal/process/task_queues:95:5)]]></failure>
    </testCase>
    <testCase name="Berlin clock second row display Its is at the fourth five hours" duration="0">
      <failure message="Error: expect(received).toStrictEqual(expected) // deep equality"><![CDATA[Error: expect(received).toStrictEqual(expected) // deep equality

- Expected  - 4
+ Received  + 4

  Array [
-   "R",
-   "R",
-   "R",
-   "R",
+   "O",
+   "O",
+   "O",
+   "O",
  ]
    at Object.stepFunction (/home/sylk/IdeaProjects/xpfarm/20230412_berlinclock3/bdd/features/fivehoursfeature.steps.js:104:25)
    at /home/sylk/IdeaProjects/xpfarm/20230412_berlinclock3/node_modules/jest-cucumber/src/feature-definition-creation.ts:134:65
    at processTicksAndRejections (node:internal/process/task_queues:95:5)]]></failure>
    </testCase>
  </file>
  <file path="/home/sylk/IdeaProjects/xpfarm/20230412_berlinclock3/bdd/features/secondfeature.steps.js">
    <testCase name="Berlin clock top item display Input contains odd seconds" duration="2"/>
    <testCase name="Berlin clock top item display Input contains even seconds" duration="0"/>
  </file>
</testExecutions>