<?xml version="1.0" encoding="UTF-8"?>
<testExecutions version="1">
  <file path="/home/sylk/IdeaProjects/xpfarm/20230412_berlinclock3/bdd/features/singleminutefeature.steps.js">
    <testCase name="Berlin clock fifth row display Its is below the first five minutes" duration="4"/>
    <testCase name="Berlin clock fifth row display Its is in the first five minutes" duration="1"/>
  </file>
  <file path="/home/sylk/IdeaProjects/xpfarm/20230412_berlinclock3/bdd/features/singlehourfeature.steps.js">
    <testCase name="Berlin clock third row display Its is below the first six hours" duration="3"/>
    <testCase name="Berlin clock third row display It is the first six hours" duration="1"/>
    <testCase name="Berlin clock third row display It is the first seven hours" duration="1"/>
    <testCase name="Berlin clock third row display It is the first eight hours" duration="0"/>
    <testCase name="Berlin clock third row display It is the first nine hours" duration="1"/>
    <testCase name="Berlin clock third row display It is the first ten hours" duration="0"/>
  </file>
  <file path="/home/sylk/IdeaProjects/xpfarm/20230412_berlinclock3/bdd/features/fivehoursfeature.steps.js">
    <testCase name="Berlin clock second row display Its is below the first five hours" duration="3"/>
    <testCase name="Berlin clock second row display Its is at the first five hours" duration="0"/>
    <testCase name="Berlin clock second row display It is at the second five hours" duration="1"/>
    <testCase name="Berlin clock second row display It is at the third five hours" duration="0"/>
    <testCase name="Berlin clock second row display It is at the fourth five hours" duration="1"/>
  </file>
  <file path="/home/sylk/IdeaProjects/xpfarm/20230412_berlinclock3/bdd/features/fiveMinutesfeature.steps.js">
    <testCase name="Berlin clock fourth row display Input contains zero minutes" duration="3"/>
    <testCase name="Berlin clock fourth row display Input contains five minute" duration="2"/>
    <testCase name="Berlin clock fourth row display Input contains ten minute" duration="0"/>
    <testCase name="Berlin clock fourth row display Input contains fifteen minute" duration="1"/>
    <testCase name="Berlin clock fourth row display Input contains thirty minute" duration="1"/>
    <testCase name="Berlin clock fourth row display Input contains forty-five minute" duration="1"/>
  </file>
  <file path="/home/sylk/IdeaProjects/xpfarm/20230412_berlinclock3/bdd/features/secondfeature.steps.js">
    <testCase name="Berlin clock top item display Input contains odd seconds" duration="2"/>
    <testCase name="Berlin clock top item display Input contains even seconds" duration="1"/>
  </file>
</testExecutions>