<?xml version="1.0" encoding="UTF-8"?>
<testExecutions version="1">
  <file path="/home/sylk/IdeaProjects/xpfarm/20230412_berlinclock3/bdd/features/fivehoursfeature.steps.js">
    <testCase name="Berlin clock second row display Its is below the first five hours" duration="3"/>
    <testCase name="Berlin clock second row display Its is at the first five hours" duration="1"/>
  </file>
  <file path="/home/sylk/IdeaProjects/xpfarm/20230412_berlinclock3/bdd/features/secondfeature.steps.js">
    <testCase name="Berlin clock top item display Input contains odd seconds" duration="2"/>
    <testCase name="Berlin clock top item display Input contains even seconds" duration="4"/>
  </file>
</testExecutions>