<?xml version="1.0" encoding="UTF-8"?>
<testExecutions version="1">
  <file path="/home/sylk/IdeaProjects/xpfarm/20230412_berlinclock3/__tests__/clockwork.test.js">
    <testCase name="BerlinClock testing for first row... should be a Clockwork class..." duration="1"/>
    <testCase name="BerlinClock testing for first row... should be a show_berlinclock method..." duration="1"/>
    <testCase name="BerlinClock testing for first row... berlin clock should have access to time" duration="0"/>
    <testCase name="BerlinClock testing for first row... berlin clock should have rows" duration="0"/>
    <testCase name="BerlinClock testing for first row... berlin clock should have multiple rows" duration="0"/>
    <testCase name="BerlinClock testing for first row... berlin clock&apos;s first row has 1 length" duration="0"/>
    <testCase name="BerlinClock testing for first row... berlin clock should show rows when asked..." duration="1"/>
    <testCase name="BerlinClock testing for first row... Berlin clock with time xx:xx:x1 should have 0 in first row..." duration="0"/>
    <testCase name="BerlinClock testing for first row... Berlin clock with time xx:xx:x3 should have 0 in first row..." duration="1"/>
    <testCase name="BerlinClock testing for first row... Berlin clock with time xx:xx:00 should have Y in first row..." duration="0"/>
    <testCase name="BerlinClock testing for first row... Berlin clock with time xx:xx:02 should have Y in first row..." duration="0"/>
    <testCase name="BerlinClock testing for second row... berlin clock&apos;s second row has 4 length" duration="0"/>
    <testCase name="BerlinClock testing for second row... Berlin clock with time 04:xx:xx should have Os in second row..." duration="1"/>
    <testCase name="BerlinClock testing for second row... Berlin clock with time 04:59:59 should have O in second rows first element..." duration="0"/>
    <testCase name="BerlinClock testing for second row... Berlin clock with time 05:00:00 should have R in second rows first element..." duration="0"/>
    <testCase name="BerlinClock testing for second row... Berlin clock with time 10:00:00 should have R in second rows second element..." duration="0"/>
    <testCase name="BerlinClock testing for second row... Berlin clock with time 15:00:00 should have R in second rows third element..." duration="0"/>
    <testCase name="BerlinClock testing for second row... Berlin clock with time 20:00:00 should have R in second rows third element..." duration="0"/>
    <testCase name="BerlinClock testing for second row... Berlin clock with time 23:59:59 should have R in second rows all element..." duration="0"/>
    <testCase name="BerlinClock testing for second row... Berlin clock with time 00:00:00 should have R in second rows all element..." duration="1"/>
    <testCase name="BerlinClock testing for third row... berlin clock&apos;s third row has 4 length" duration="0"/>
    <testCase name="BerlinClock testing for third row... Berlin clock with time 05:xx:xx should have Os in second row..." duration="0"/>
    <testCase name="BerlinClock testing for third row... Berlin clock with time 06:xx:xx should have R in third row first element..." duration="0"/>
    <testCase name="BerlinClock testing for third row... Berlin clock with time 07:xx:xx should have R in third row second element..." duration="0"/>
    <testCase name="BerlinClock testing for third row... Berlin clock with time 08:xx:xx should have R in third row second element..." duration="0"/>
  </file>
</testExecutions>